#
# There is insufficient memory for the Java Runtime Environment to continue.
# Native memory allocation (mmap) failed to map 469762048 bytes for Failed to commit area from 0x0000000641a00000 to 0x000000065da00000 of length 469762048.
# Possible reasons:
#   The system is out of physical RAM or swap space
#   The process is running with CompressedOops enabled, and the Java Heap may be blocking the growth of the native heap
# Possible solutions:
#   Reduce memory load on the system
#   Increase physical memory or swap space
#   Check if swap backing store is full
#   Decrease Java heap size (-Xmx/-Xms)
#   Decrease number of Java threads
#   Decrease Java thread stack sizes (-Xss)
#   Set larger code cache with -XX:ReservedCodeCacheSize=
# This output file may be truncated or incomplete.
#
#  Out of Memory Error (./src/hotspot/os/windows/os_windows.cpp:3387), pid=78240, tid=43232
#
# JRE version:  (11.0.14.1+1) (build )
# Java VM: OpenJDK 64-Bit Server VM (11.0.14.1+1, mixed mode, sharing, tiered, compressed oops, g1 gc, windows-amd64)
# No core dump will be written. Minidumps are not enabled by default on client versions of Windows
#

---------------  S U M M A R Y ------------

Command Line: 

Host: AMD Ryzen 7 5700G with Radeon Graphics         , 16 cores, 27G,  Windows 10 , 64 bit Build 19041 (10.0.19041.3636)
Time: Sun Nov 26 03:45:47 2023 Hora estándar de Argentina elapsed time: 0.008364 seconds (0d 0h 0m 0s)

---------------  T H R E A D  ---------------

Current thread (0x000001e73ff22800):  JavaThread "Unknown thread" [_thread_in_vm, id=43232, stack(0x0000005e7b300000,0x0000005e7b400000)]

Stack: [0x0000005e7b300000,0x0000005e7b400000]
Native frames: (J=compiled Java code, j=interpreted, Vv=VM code, C=native code)
V  [jvm.dll+0x61e59a]
V  [jvm.dll+0x7aaca9]
V  [jvm.dll+0x7ac398]
V  [jvm.dll+0x7aca73]
V  [jvm.dll+0x24f9b8]
V  [jvm.dll+0x61b83a]
V  [jvm.dll+0x6100c5]
V  [jvm.dll+0x30772c]
V  [jvm.dll+0x3075b2]
V  [jvm.dll+0x30c2d6]
V  [jvm.dll+0x35272f]
V  [jvm.dll+0x352160]
V  [jvm.dll+0x2e4728]
V  [jvm.dll+0x2e5886]
V  [jvm.dll+0x784b07]
V  [jvm.dll+0x78628f]
V  [jvm.dll+0x35f479]
V  [jvm.dll+0x767aa0]
V  [jvm.dll+0x3ccf1f]
V  [jvm.dll+0x3cf2b1]
C  [jli.dll+0x5207]
C  [ucrtbase.dll+0x21bb2]
C  [KERNEL32.DLL+0x17344]
C  [ntdll.dll+0x526b1]


---------------  P R O C E S S  ---------------

Threads class SMR info:
_java_thread_list=0x000001e73dd04240, length=0, elements={
}

Java Threads: ( => current thread )

Other Threads:
  0x000001e73dddb000 GCTaskThread "GC Thread#0" [stack: 0x0000005e7b400000,0x0000005e7b500000] [id=301600]
  0x000001e73ffd3800 ConcurrentGCThread "G1 Main Marker" [stack: 0x0000005e7b500000,0x0000005e7b600000] [id=87936]
  0x000001e73ffd7000 ConcurrentGCThread "G1 Conc#0" [stack: 0x0000005e7b600000,0x0000005e7b700000] [id=37940]

[error occurred during error reporting (printing all threads), id 0xc0000005, EXCEPTION_ACCESS_VIOLATION (0xc0000005) at pc=0x00007ffcf84a3ef7]

VM state:not at safepoint (not fully initialized)

VM Mutex/Monitor currently owned by a thread:  ([mutex/lock_event])
[0x000001e73ff1fa70] Heap_lock - owner thread: 0x000001e73ff22800

Heap address: 0x0000000641a00000, size: 7142 MB, Compressed Oops mode: Non-zero based: 0x0000000641a00000
Narrow klass base: 0x0000000000000000, Narrow klass shift: 0

GC Heap History (0 events):
No events

Deoptimization events (0 events):
No events

Classes redefined (0 events):
No events

Internal exceptions (0 events):
No events

Events (1 events):
Event: 0.005 Loaded shared library C:\Program Files\Unity\Hub\Editor\2022.3.11f1\Editor\Data\PlaybackEngines\AndroidPlayer\OpenJDK\bin\zip.dll


Dynamic libraries:
0x00007ff6a68a0000 - 0x00007ff6a68ad000 	C:\Program Files\Unity\Hub\Editor\2022.3.11f1\Editor\Data\PlaybackEngines\AndroidPlayer\OpenJDK\bin\java.exe
0x00007ffd4cf30000 - 0x00007ffd4d128000 	C:\Windows\SYSTEM32\ntdll.dll
0x00007ffd4b470000 - 0x00007ffd4b52d000 	C:\Windows\System32\KERNEL32.DLL
0x00007ffd4ac20000 - 0x00007ffd4af16000 	C:\Windows\System32\KERNELBASE.dll
0x00007ffd4a970000 - 0x00007ffd4aa70000 	C:\Windows\System32\ucrtbase.dll
0x00007ffd44300000 - 0x00007ffd44317000 	C:\Program Files\Unity\Hub\Editor\2022.3.11f1\Editor\Data\PlaybackEngines\AndroidPlayer\OpenJDK\bin\jli.dll
0x00007ffd39b00000 - 0x00007ffd39b15000 	C:\Program Files\Unity\Hub\Editor\2022.3.11f1\Editor\Data\PlaybackEngines\AndroidPlayer\OpenJDK\bin\VCRUNTIME140.dll
0x00007ffd4bff0000 - 0x00007ffd4c18e000 	C:\Windows\System32\USER32.dll
0x00007ffd4a8a0000 - 0x00007ffd4a8c2000 	C:\Windows\System32\win32u.dll
0x00007ffd1d380000 - 0x00007ffd1d61a000 	C:\Windows\WinSxS\amd64_microsoft.windows.common-controls_6595b64144ccf1df_6.0.19041.3636_none_60b6a03d71f818d5\COMCTL32.dll
0x00007ffd4bee0000 - 0x00007ffd4bf0c000 	C:\Windows\System32\GDI32.dll
0x00007ffd4b790000 - 0x00007ffd4b82e000 	C:\Windows\System32\msvcrt.dll
0x00007ffd4a610000 - 0x00007ffd4a72a000 	C:\Windows\System32\gdi32full.dll
0x00007ffd4a8d0000 - 0x00007ffd4a96d000 	C:\Windows\System32\msvcp_win.dll
0x00007ffd4c640000 - 0x00007ffd4c670000 	C:\Windows\System32\IMM32.DLL
0x00007ffd39a60000 - 0x00007ffd39afb000 	C:\Program Files\Unity\Hub\Editor\2022.3.11f1\Editor\Data\PlaybackEngines\AndroidPlayer\OpenJDK\bin\msvcp140.dll
0x00007ffcf81b0000 - 0x00007ffcf8d31000 	C:\Program Files\Unity\Hub\Editor\2022.3.11f1\Editor\Data\PlaybackEngines\AndroidPlayer\OpenJDK\bin\server\jvm.dll
0x00007ffd4b660000 - 0x00007ffd4b70f000 	C:\Windows\System32\ADVAPI32.dll
0x00007ffd4bab0000 - 0x00007ffd4bb4c000 	C:\Windows\System32\sechost.dll
0x00007ffd4b530000 - 0x00007ffd4b656000 	C:\Windows\System32\RPCRT4.dll
0x00007ffd4c5a0000 - 0x00007ffd4c5a8000 	C:\Windows\System32\PSAPI.DLL
0x00007ffd414f0000 - 0x00007ffd414fa000 	C:\Windows\SYSTEM32\VERSION.dll
0x00007ffd35080000 - 0x00007ffd35089000 	C:\Windows\SYSTEM32\WSOCK32.dll
0x00007ffd3e580000 - 0x00007ffd3e5a7000 	C:\Windows\SYSTEM32\WINMM.dll
0x00007ffd4c190000 - 0x00007ffd4c1fb000 	C:\Windows\System32\WS2_32.dll
0x00007ffd484b0000 - 0x00007ffd484c2000 	C:\Windows\SYSTEM32\kernel.appcore.dll
0x00007ffd42e90000 - 0x00007ffd42ea0000 	C:\Program Files\Unity\Hub\Editor\2022.3.11f1\Editor\Data\PlaybackEngines\AndroidPlayer\OpenJDK\bin\verify.dll
0x00007ffd3fd50000 - 0x00007ffd3ff34000 	C:\Windows\SYSTEM32\DBGHELP.DLL
0x00007ffd3be80000 - 0x00007ffd3beb4000 	C:\Windows\SYSTEM32\dbgcore.DLL
0x00007ffd4a730000 - 0x00007ffd4a7b2000 	C:\Windows\System32\bcryptPrimitives.dll
0x00007ffd39a30000 - 0x00007ffd39a58000 	C:\Program Files\Unity\Hub\Editor\2022.3.11f1\Editor\Data\PlaybackEngines\AndroidPlayer\OpenJDK\bin\java.dll
0x00007ffd3e6c0000 - 0x00007ffd3e6ca000 	C:\Program Files\Unity\Hub\Editor\2022.3.11f1\Editor\Data\PlaybackEngines\AndroidPlayer\OpenJDK\bin\jimage.dll
0x00007ffd39a10000 - 0x00007ffd39a28000 	C:\Program Files\Unity\Hub\Editor\2022.3.11f1\Editor\Data\PlaybackEngines\AndroidPlayer\OpenJDK\bin\zip.dll

dbghelp: loaded successfully - version: 4.0.5 - missing functions: none
symbol engine: initialized successfully - sym options: 0x614 - pdb path: .;C:\Program Files\Unity\Hub\Editor\2022.3.11f1\Editor\Data\PlaybackEngines\AndroidPlayer\OpenJDK\bin;C:\Windows\SYSTEM32;C:\Windows\WinSxS\amd64_microsoft.windows.common-controls_6595b64144ccf1df_6.0.19041.3636_none_60b6a03d71f818d5;C:\Program Files\Unity\Hub\Editor\2022.3.11f1\Editor\Data\PlaybackEngines\AndroidPlayer\OpenJDK\bin\server

VM Arguments:
java_command: <unknown>
java_class_path (initial): <not set>
Launcher Type: SUN_STANDARD

[Global flags]
     intx CICompilerCount                          = 12                                        {product} {ergonomic}
     uint ConcGCThreads                            = 3                                         {product} {ergonomic}
     uint G1ConcRefinementThreads                  = 13                                        {product} {ergonomic}
   size_t G1HeapRegionSize                         = 1048576                                   {product} {ergonomic}
    uintx GCDrainStackTargetSize                   = 64                                        {product} {ergonomic}
   size_t InitialHeapSize                          = 469762048                                 {product} {ergonomic}
   size_t MarkStackSize                            = 4194304                                   {product} {ergonomic}
   size_t MaxHeapSize                              = 7488929792                                {product} {ergonomic}
   size_t MinHeapDeltaBytes                        = 1048576                                   {product} {ergonomic}
    uintx NonNMethodCodeHeapSize                   = 7594288                                {pd product} {ergonomic}
    uintx NonProfiledCodeHeapSize                  = 122031976                              {pd product} {ergonomic}
    uintx ProfiledCodeHeapSize                     = 122031976                              {pd product} {ergonomic}
    uintx ReservedCodeCacheSize                    = 251658240                              {pd product} {ergonomic}
     bool SegmentedCodeCache                       = true                                      {product} {ergonomic}
     bool UseCompressedClassPointers               = true                                 {lp64_product} {ergonomic}
     bool UseCompressedOops                        = true                                 {lp64_product} {ergonomic}
     bool UseG1GC                                  = true                                      {product} {ergonomic}
     bool UseLargePagesIndividualAllocation        = false                                  {pd product} {ergonomic}

Logging:
Log output configuration:
 #0: stdout all=warning uptime,level,tags
 #1: stderr all=off uptime,level,tags

Environment Variables:
JAVA_HOME=C:/Program Files/Unity/Hub/Editor/2022.3.11f1/Editor/Data/PlaybackEngines/AndroidPlayer\OpenJDK
PATH=C:\Program Files (x86)\Common Files\Oracle\Java\javapath;C:\Program Files (x86)\Microsoft SDKs\Azure\CLI2\wbin;C:\Program Files\Microsoft\jdk-11.0.16.101-hotspot\bin;C:\Program Files\Eclipse Foundation\jdk-8.0.302.8-hotspot\bin;C:\Windows\system32;C:\Windows;C:\Windows\System32\Wbem;C:\Windows\System32\WindowsPowerShell\v1.0\;C:\Windows\System32\OpenSSH\;C:\Program Files\NVIDIA Corporation\NVIDIA NvDLISR;C:\Program Files (x86)\NVIDIA Corporation\PhysX\Common;C:\Program Files\Microsoft SQL Server\150\Tools\Binn\;C:\Program Files\Microsoft SQL Server\Client SDK\ODBC\170\Tools\Binn\;C:\Program Files\dotnet\;C:\Program Files (x86)\Windows Kits\10\Windows Performance Toolkit\;C:\Program Files\Docker\Docker\resources\bin;C:\Program Files\Airshipper\;C:\Program Files\Git\cmd;C:\Users\Juniors\AppData\Local\Microsoft\WindowsApps;C:\Users\Juniors\.dotnet\tools;C:\Users\Juniors\AppData\Local\gitkraken\bin;C:\Users\Juniors\AppData\Local\GitHubDesktop\bin;C:\Users\Juniors\AppData\Local\Programs\Microsoft VS Code\bin
USERNAME=Juniors
OS=Windows_NT
PROCESSOR_IDENTIFIER=AMD64 Family 25 Model 80 Stepping 0, AuthenticAMD



---------------  S Y S T E M  ---------------

OS: Windows 10 , 64 bit Build 19041 (10.0.19041.3636)
OS uptime: 9 days 0:45 hours
Hyper-V role detected

CPU:total 16 (initial active 16) (16 cores per cpu, 2 threads per core) family 25 model 80 stepping 0 microcode 0x0, cmov, cx8, fxsr, mmx, sse, sse2, sse3, ssse3, sse4.1, sse4.2, popcnt, avx, avx2, aes, clmul, erms, mmxext, 3dnowpref, lzcnt, sse4a, ht, tsc, tscinvbit, tscinv, bmi1, bmi2, adx, sha, fma

Memory: 4k page, system-wide physical 28565M (2724M free)
TotalPageFile size 38565M (AvailPageFile size 436M)
current process WorkingSet (physical memory assigned to process): 11M, peak: 11M
current process commit charge ("private bytes"): 72M, peak: 520M

vm_info: OpenJDK 64-Bit Server VM (11.0.14.1+1) for windows-amd64 JRE (11.0.14.1+1), built on Feb  9 2022 01:48:27 by "" with unknown MS VC++:1916

END.
